2025-03-05T21:35:59.604Z - Activating extension
2025-03-05T21:35:59.609Z - Codesync folder found
2025-03-05T21:35:59.683Z - Tool found: VSCode
2025-03-05T21:36:03.991Z - Git history + file state loaded
2025-03-05T21:36:04.178Z - Reading VSCode state from /home/ayush/.config/Code/User/workspaceStorage/3b152c0d69d331778560a3353fe11a34/state.vscdb for key: memento/interactive-session
2025-03-05T21:36:10.677Z - Reading VSCode state from /home/ayush/.config/Code/User/workspaceStorage/3b152c0d69d331778560a3353fe11a34/state.vscdb for key: interactive.sessions
2025-03-05T21:36:12.399Z - State updated
2025-03-05T21:36:12.561Z - Reading VSCode state from /home/ayush/.config/Code/User/workspaceStorage/3b152c0d69d331778560a3353fe11a34/state.vscdb for key: memento/interactive-session
2025-03-05T21:36:14.111Z - Reading VSCode state from /home/ayush/.config/Code/User/workspaceStorage/3b152c0d69d331778560a3353fe11a34/state.vscdb for key: memento/interactive-session
2025-03-05T21:36:14.677Z - Reading VSCode state from /home/ayush/.config/Code/User/workspaceStorage/3b152c0d69d331778560a3353fe11a34/state.vscdb for key: interactive.sessions
2025-03-05T21:36:14.728Z - State updated
2025-03-05T21:36:17.067Z - Reading VSCode state from /home/ayush/.config/Code/User/workspaceStorage/3b152c0d69d331778560a3353fe11a34/state.vscdb for key: memento/interactive-session
2025-03-05T21:36:18.677Z - Reading VSCode state from /home/ayush/.config/Code/User/workspaceStorage/3b152c0d69d331778560a3353fe11a34/state.vscdb for key: interactive.sessions
2025-03-05T21:36:18.722Z - State updated
2025-03-05T21:36:20.057Z - Reading VSCode state from /home/ayush/.config/Code/User/workspaceStorage/3b152c0d69d331778560a3353fe11a34/state.vscdb for key: memento/interactive-session
2025-03-05T21:36:22.677Z - Reading VSCode state from /home/ayush/.config/Code/User/workspaceStorage/3b152c0d69d331778560a3353fe11a34/state.vscdb for key: interactive.sessions
2025-03-05T21:36:22.726Z - State updated
2025-03-05T21:36:23.066Z - Reading VSCode state from /home/ayush/.config/Code/User/workspaceStorage/3b152c0d69d331778560a3353fe11a34/state.vscdb for key: memento/interactive-session
2025-03-05T21:36:26.060Z - Reading VSCode state from /home/ayush/.config/Code/User/workspaceStorage/3b152c0d69d331778560a3353fe11a34/state.vscdb for key: memento/interactive-session
2025-03-05T21:36:26.678Z - Reading VSCode state from /home/ayush/.config/Code/User/workspaceStorage/3b152c0d69d331778560a3353fe11a34/state.vscdb for key: interactive.sessions
2025-03-05T21:36:26.724Z - State updated
2025-03-05T21:36:29.058Z - Reading VSCode state from /home/ayush/.config/Code/User/workspaceStorage/3b152c0d69d331778560a3353fe11a34/state.vscdb for key: memento/interactive-session
2025-03-05T21:36:30.677Z - Reading VSCode state from /home/ayush/.config/Code/User/workspaceStorage/3b152c0d69d331778560a3353fe11a34/state.vscdb for key: interactive.sessions
2025-03-05T21:36:30.720Z - State updated
2025-03-05T21:36:32.066Z - Reading VSCode state from /home/ayush/.config/Code/User/workspaceStorage/3b152c0d69d331778560a3353fe11a34/state.vscdb for key: memento/interactive-session
2025-03-05T21:36:34.678Z - Reading VSCode state from /home/ayush/.config/Code/User/workspaceStorage/3b152c0d69d331778560a3353fe11a34/state.vscdb for key: interactive.sessions
2025-03-05T21:36:34.723Z - State updated
2025-03-05T21:36:35.061Z - Reading VSCode state from /home/ayush/.config/Code/User/workspaceStorage/3b152c0d69d331778560a3353fe11a34/state.vscdb for key: memento/interactive-session
2025-03-05T21:36:38.075Z - Reading VSCode state from /home/ayush/.config/Code/User/workspaceStorage/3b152c0d69d331778560a3353fe11a34/state.vscdb for key: memento/interactive-session
2025-03-05T21:36:38.678Z - Reading VSCode state from /home/ayush/.config/Code/User/workspaceStorage/3b152c0d69d331778560a3353fe11a34/state.vscdb for key: interactive.sessions
2025-03-05T21:36:38.734Z - State updated
2025-03-05T21:36:41.162Z - Reading VSCode state from /home/ayush/.config/Code/User/workspaceStorage/3b152c0d69d331778560a3353fe11a34/state.vscdb for key: memento/interactive-session
2025-03-05T21:36:42.679Z - Reading VSCode state from /home/ayush/.config/Code/User/workspaceStorage/3b152c0d69d331778560a3353fe11a34/state.vscdb for key: interactive.sessions
2025-03-05T21:36:42.719Z - State updated
2025-03-05T21:36:44.066Z - Reading VSCode state from /home/ayush/.config/Code/User/workspaceStorage/3b152c0d69d331778560a3353fe11a34/state.vscdb for key: memento/interactive-session
2025-03-05T21:36:46.679Z - Reading VSCode state from /home/ayush/.config/Code/User/workspaceStorage/3b152c0d69d331778560a3353fe11a34/state.vscdb for key: interactive.sessions
2025-03-05T21:36:46.729Z - State updated
2025-03-05T21:36:47.061Z - Reading VSCode state from /home/ayush/.config/Code/User/workspaceStorage/3b152c0d69d331778560a3353fe11a34/state.vscdb for key: memento/interactive-session
2025-03-05T21:36:50.069Z - Reading VSCode state from /home/ayush/.config/Code/User/workspaceStorage/3b152c0d69d331778560a3353fe11a34/state.vscdb for key: memento/interactive-session
2025-03-05T21:36:50.680Z - Reading VSCode state from /home/ayush/.config/Code/User/workspaceStorage/3b152c0d69d331778560a3353fe11a34/state.vscdb for key: interactive.sessions
2025-03-05T21:36:50.724Z - State updated
2025-03-05T21:36:53.065Z - Reading VSCode state from /home/ayush/.config/Code/User/workspaceStorage/3b152c0d69d331778560a3353fe11a34/state.vscdb for key: memento/interactive-session
2025-03-05T21:36:54.680Z - Reading VSCode state from /home/ayush/.config/Code/User/workspaceStorage/3b152c0d69d331778560a3353fe11a34/state.vscdb for key: interactive.sessions
2025-03-05T21:36:54.722Z - State updated
2025-03-05T21:36:56.080Z - Reading VSCode state from /home/ayush/.config/Code/User/workspaceStorage/3b152c0d69d331778560a3353fe11a34/state.vscdb for key: memento/interactive-session
2025-03-05T21:36:58.681Z - Reading VSCode state from /home/ayush/.config/Code/User/workspaceStorage/3b152c0d69d331778560a3353fe11a34/state.vscdb for key: interactive.sessions
2025-03-05T21:36:58.727Z - State updated
2025-03-05T21:36:59.091Z - Reading VSCode state from /home/ayush/.config/Code/User/workspaceStorage/3b152c0d69d331778560a3353fe11a34/state.vscdb for key: memento/interactive-session
2025-03-05T21:37:02.079Z - Reading VSCode state from /home/ayush/.config/Code/User/workspaceStorage/3b152c0d69d331778560a3353fe11a34/state.vscdb for key: memento/interactive-session
2025-03-05T21:37:02.682Z - Reading VSCode state from /home/ayush/.config/Code/User/workspaceStorage/3b152c0d69d331778560a3353fe11a34/state.vscdb for key: interactive.sessions
2025-03-05T21:37:02.737Z - State updated
2025-03-05T21:37:05.086Z - Reading VSCode state from /home/ayush/.config/Code/User/workspaceStorage/3b152c0d69d331778560a3353fe11a34/state.vscdb for key: memento/interactive-session
2025-03-05T21:37:06.682Z - Reading VSCode state from /home/ayush/.config/Code/User/workspaceStorage/3b152c0d69d331778560a3353fe11a34/state.vscdb for key: interactive.sessions
2025-03-05T21:37:06.726Z - State updated
2025-03-05T21:37:08.074Z - Reading VSCode state from /home/ayush/.config/Code/User/workspaceStorage/3b152c0d69d331778560a3353fe11a34/state.vscdb for key: memento/interactive-session
2025-03-05T21:37:10.683Z - Reading VSCode state from /home/ayush/.config/Code/User/workspaceStorage/3b152c0d69d331778560a3353fe11a34/state.vscdb for key: interactive.sessions
2025-03-05T21:37:10.718Z - State updated
2025-03-05T21:37:11.085Z - Reading VSCode state from /home/ayush/.config/Code/User/workspaceStorage/3b152c0d69d331778560a3353fe11a34/state.vscdb for key: memento/interactive-session
2025-03-05T21:37:14.085Z - Reading VSCode state from /home/ayush/.config/Code/User/workspaceStorage/3b152c0d69d331778560a3353fe11a34/state.vscdb for key: memento/interactive-session
2025-03-05T21:37:14.684Z - Reading VSCode state from /home/ayush/.config/Code/User/workspaceStorage/3b152c0d69d331778560a3353fe11a34/state.vscdb for key: interactive.sessions
2025-03-05T21:37:14.727Z - State updated
2025-03-05T21:37:17.171Z - Reading VSCode state from /home/ayush/.config/Code/User/workspaceStorage/3b152c0d69d331778560a3353fe11a34/state.vscdb for key: memento/interactive-session
2025-03-05T21:37:18.702Z - Reading VSCode state from /home/ayush/.config/Code/User/workspaceStorage/3b152c0d69d331778560a3353fe11a34/state.vscdb for key: interactive.sessions
2025-03-05T21:37:18.786Z - State updated
2025-03-05T21:37:20.100Z - Reading VSCode state from /home/ayush/.config/Code/User/workspaceStorage/3b152c0d69d331778560a3353fe11a34/state.vscdb for key: memento/interactive-session
2025-03-05T21:37:22.703Z - Reading VSCode state from /home/ayush/.config/Code/User/workspaceStorage/3b152c0d69d331778560a3353fe11a34/state.vscdb for key: interactive.sessions
2025-03-05T21:37:22.770Z - State updated
2025-03-05T21:37:23.088Z - Reading VSCode state from /home/ayush/.config/Code/User/workspaceStorage/3b152c0d69d331778560a3353fe11a34/state.vscdb for key: memento/interactive-session
2025-03-05T21:37:26.096Z - Reading VSCode state from /home/ayush/.config/Code/User/workspaceStorage/3b152c0d69d331778560a3353fe11a34/state.vscdb for key: memento/interactive-session
2025-03-05T21:37:26.704Z - Reading VSCode state from /home/ayush/.config/Code/User/workspaceStorage/3b152c0d69d331778560a3353fe11a34/state.vscdb for key: interactive.sessions
2025-03-05T21:37:26.743Z - State updated
2025-03-05T21:37:29.092Z - Reading VSCode state from /home/ayush/.config/Code/User/workspaceStorage/3b152c0d69d331778560a3353fe11a34/state.vscdb for key: memento/interactive-session
2025-03-05T21:37:30.705Z - Reading VSCode state from /home/ayush/.config/Code/User/workspaceStorage/3b152c0d69d331778560a3353fe11a34/state.vscdb for key: interactive.sessions
2025-03-05T21:37:30.749Z - State updated
2025-03-05T21:37:32.088Z - Reading VSCode state from /home/ayush/.config/Code/User/workspaceStorage/3b152c0d69d331778560a3353fe11a34/state.vscdb for key: memento/interactive-session
2025-03-05T21:37:34.706Z - Reading VSCode state from /home/ayush/.config/Code/User/workspaceStorage/3b152c0d69d331778560a3353fe11a34/state.vscdb for key: interactive.sessions
2025-03-05T21:37:34.788Z - State updated
2025-03-05T21:37:35.090Z - Reading VSCode state from /home/ayush/.config/Code/User/workspaceStorage/3b152c0d69d331778560a3353fe11a34/state.vscdb for key: memento/interactive-session
2025-03-05T21:37:38.103Z - Reading VSCode state from /home/ayush/.config/Code/User/workspaceStorage/3b152c0d69d331778560a3353fe11a34/state.vscdb for key: memento/interactive-session
2025-03-05T21:37:38.707Z - Reading VSCode state from /home/ayush/.config/Code/User/workspaceStorage/3b152c0d69d331778560a3353fe11a34/state.vscdb for key: interactive.sessions
2025-03-05T21:37:38.759Z - State updated
2025-03-05T21:37:41.110Z - Reading VSCode state from /home/ayush/.config/Code/User/workspaceStorage/3b152c0d69d331778560a3353fe11a34/state.vscdb for key: memento/interactive-session
2025-03-05T21:37:42.707Z - Reading VSCode state from /home/ayush/.config/Code/User/workspaceStorage/3b152c0d69d331778560a3353fe11a34/state.vscdb for key: interactive.sessions
2025-03-05T21:37:42.746Z - State updated
2025-03-05T21:37:44.100Z - Reading VSCode state from /home/ayush/.config/Code/User/workspaceStorage/3b152c0d69d331778560a3353fe11a34/state.vscdb for key: memento/interactive-session
2025-03-05T21:37:46.708Z - Reading VSCode state from /home/ayush/.config/Code/User/workspaceStorage/3b152c0d69d331778560a3353fe11a34/state.vscdb for key: interactive.sessions
2025-03-05T21:37:46.768Z - State updated
2025-03-05T21:37:47.124Z - Reading VSCode state from /home/ayush/.config/Code/User/workspaceStorage/3b152c0d69d331778560a3353fe11a34/state.vscdb for key: memento/interactive-session
2025-03-05T21:37:50.412Z - Reading VSCode state from /home/ayush/.config/Code/User/workspaceStorage/3b152c0d69d331778560a3353fe11a34/state.vscdb for key: memento/interactive-session
2025-03-05T21:37:50.709Z - Reading VSCode state from /home/ayush/.config/Code/User/workspaceStorage/3b152c0d69d331778560a3353fe11a34/state.vscdb for key: interactive.sessions
2025-03-05T21:37:50.751Z - State updated
2025-03-05T21:37:53.105Z - Reading VSCode state from /home/ayush/.config/Code/User/workspaceStorage/3b152c0d69d331778560a3353fe11a34/state.vscdb for key: memento/interactive-session
2025-03-05T21:37:54.709Z - Reading VSCode state from /home/ayush/.config/Code/User/workspaceStorage/3b152c0d69d331778560a3353fe11a34/state.vscdb for key: interactive.sessions
2025-03-05T21:37:54.750Z - State updated
2025-03-05T21:37:56.103Z - Reading VSCode state from /home/ayush/.config/Code/User/workspaceStorage/3b152c0d69d331778560a3353fe11a34/state.vscdb for key: memento/interactive-session
2025-03-05T21:37:58.710Z - Reading VSCode state from /home/ayush/.config/Code/User/workspaceStorage/3b152c0d69d331778560a3353fe11a34/state.vscdb for key: interactive.sessions
2025-03-05T21:37:58.773Z - State updated
2025-03-05T21:37:59.113Z - Reading VSCode state from /home/ayush/.config/Code/User/workspaceStorage/3b152c0d69d331778560a3353fe11a34/state.vscdb for key: memento/interactive-session
2025-03-05T21:38:02.114Z - Reading VSCode state from /home/ayush/.config/Code/User/workspaceStorage/3b152c0d69d331778560a3353fe11a34/state.vscdb for key: memento/interactive-session
2025-03-05T21:38:02.711Z - Reading VSCode state from /home/ayush/.config/Code/User/workspaceStorage/3b152c0d69d331778560a3353fe11a34/state.vscdb for key: interactive.sessions
2025-03-05T21:38:02.751Z - State updated
2025-03-05T21:38:05.116Z - Reading VSCode state from /home/ayush/.config/Code/User/workspaceStorage/3b152c0d69d331778560a3353fe11a34/state.vscdb for key: memento/interactive-session
2025-03-05T21:38:06.711Z - Reading VSCode state from /home/ayush/.config/Code/User/workspaceStorage/3b152c0d69d331778560a3353fe11a34/state.vscdb for key: interactive.sessions
2025-03-05T21:38:06.753Z - State updated
2025-03-05T21:38:08.121Z - Reading VSCode state from /home/ayush/.config/Code/User/workspaceStorage/3b152c0d69d331778560a3353fe11a34/state.vscdb for key: memento/interactive-session
2025-03-05T21:38:10.712Z - Reading VSCode state from /home/ayush/.config/Code/User/workspaceStorage/3b152c0d69d331778560a3353fe11a34/state.vscdb for key: interactive.sessions
2025-03-05T21:38:10.751Z - State updated
2025-03-05T21:38:11.122Z - Reading VSCode state from /home/ayush/.config/Code/User/workspaceStorage/3b152c0d69d331778560a3353fe11a34/state.vscdb for key: memento/interactive-session
2025-03-05T21:38:14.198Z - Reading VSCode state from /home/ayush/.config/Code/User/workspaceStorage/3b152c0d69d331778560a3353fe11a34/state.vscdb for key: memento/interactive-session
2025-03-05T21:38:14.713Z - Reading VSCode state from /home/ayush/.config/Code/User/workspaceStorage/3b152c0d69d331778560a3353fe11a34/state.vscdb for key: interactive.sessions
2025-03-05T21:38:14.756Z - State updated
2025-03-05T21:38:17.127Z - Reading VSCode state from /home/ayush/.config/Code/User/workspaceStorage/3b152c0d69d331778560a3353fe11a34/state.vscdb for key: memento/interactive-session
2025-03-05T21:38:18.713Z - Reading VSCode state from /home/ayush/.config/Code/User/workspaceStorage/3b152c0d69d331778560a3353fe11a34/state.vscdb for key: interactive.sessions
2025-03-05T21:38:18.753Z - State updated
2025-03-05T21:38:20.201Z - Reading VSCode state from /home/ayush/.config/Code/User/workspaceStorage/3b152c0d69d331778560a3353fe11a34/state.vscdb for key: memento/interactive-session
2025-03-05T21:38:22.714Z - Reading VSCode state from /home/ayush/.config/Code/User/workspaceStorage/3b152c0d69d331778560a3353fe11a34/state.vscdb for key: interactive.sessions
2025-03-05T21:38:22.755Z - State updated
2025-03-05T21:38:23.128Z - Reading VSCode state from /home/ayush/.config/Code/User/workspaceStorage/3b152c0d69d331778560a3353fe11a34/state.vscdb for key: memento/interactive-session
2025-03-05T21:38:26.165Z - Reading VSCode state from /home/ayush/.config/Code/User/workspaceStorage/3b152c0d69d331778560a3353fe11a34/state.vscdb for key: memento/interactive-session
2025-03-05T21:38:26.715Z - Reading VSCode state from /home/ayush/.config/Code/User/workspaceStorage/3b152c0d69d331778560a3353fe11a34/state.vscdb for key: interactive.sessions
2025-03-05T21:38:26.804Z - State updated
2025-03-05T21:38:29.135Z - Reading VSCode state from /home/ayush/.config/Code/User/workspaceStorage/3b152c0d69d331778560a3353fe11a34/state.vscdb for key: memento/interactive-session
2025-03-05T21:38:30.716Z - Reading VSCode state from /home/ayush/.config/Code/User/workspaceStorage/3b152c0d69d331778560a3353fe11a34/state.vscdb for key: interactive.sessions
2025-03-05T21:38:30.759Z - State updated
2025-03-05T21:38:32.135Z - Reading VSCode state from /home/ayush/.config/Code/User/workspaceStorage/3b152c0d69d331778560a3353fe11a34/state.vscdb for key: memento/interactive-session
2025-03-05T21:38:34.717Z - Reading VSCode state from /home/ayush/.config/Code/User/workspaceStorage/3b152c0d69d331778560a3353fe11a34/state.vscdb for key: interactive.sessions
2025-03-05T21:38:34.755Z - State updated
2025-03-05T21:38:35.135Z - Reading VSCode state from /home/ayush/.config/Code/User/workspaceStorage/3b152c0d69d331778560a3353fe11a34/state.vscdb for key: memento/interactive-session
2025-03-05T21:38:38.152Z - Reading VSCode state from /home/ayush/.config/Code/User/workspaceStorage/3b152c0d69d331778560a3353fe11a34/state.vscdb for key: memento/interactive-session
2025-03-05T21:38:38.718Z - Reading VSCode state from /home/ayush/.config/Code/User/workspaceStorage/3b152c0d69d331778560a3353fe11a34/state.vscdb for key: interactive.sessions
2025-03-05T21:38:38.757Z - State updated
2025-03-05T21:38:41.144Z - Reading VSCode state from /home/ayush/.config/Code/User/workspaceStorage/3b152c0d69d331778560a3353fe11a34/state.vscdb for key: memento/interactive-session
2025-03-05T21:38:42.719Z - Reading VSCode state from /home/ayush/.config/Code/User/workspaceStorage/3b152c0d69d331778560a3353fe11a34/state.vscdb for key: interactive.sessions
2025-03-05T21:38:42.764Z - State updated
2025-03-05T21:38:44.164Z - Reading VSCode state from /home/ayush/.config/Code/User/workspaceStorage/3b152c0d69d331778560a3353fe11a34/state.vscdb for key: memento/interactive-session
2025-03-05T21:38:46.720Z - Reading VSCode state from /home/ayush/.config/Code/User/workspaceStorage/3b152c0d69d331778560a3353fe11a34/state.vscdb for key: interactive.sessions
2025-03-05T21:38:46.765Z - State updated
2025-03-05T21:38:47.152Z - Reading VSCode state from /home/ayush/.config/Code/User/workspaceStorage/3b152c0d69d331778560a3353fe11a34/state.vscdb for key: memento/interactive-session
2025-03-05T21:38:50.306Z - Reading VSCode state from /home/ayush/.config/Code/User/workspaceStorage/3b152c0d69d331778560a3353fe11a34/state.vscdb for key: memento/interactive-session
2025-03-05T21:38:50.721Z - Reading VSCode state from /home/ayush/.config/Code/User/workspaceStorage/3b152c0d69d331778560a3353fe11a34/state.vscdb for key: interactive.sessions
2025-03-05T21:38:50.763Z - State updated
2025-03-05T21:38:53.153Z - Reading VSCode state from /home/ayush/.config/Code/User/workspaceStorage/3b152c0d69d331778560a3353fe11a34/state.vscdb for key: memento/interactive-session
2025-03-05T21:38:54.721Z - Reading VSCode state from /home/ayush/.config/Code/User/workspaceStorage/3b152c0d69d331778560a3353fe11a34/state.vscdb for key: interactive.sessions
2025-03-05T21:38:54.781Z - State updated
2025-03-05T21:38:56.162Z - Reading VSCode state from /home/ayush/.config/Code/User/workspaceStorage/3b152c0d69d331778560a3353fe11a34/state.vscdb for key: memento/interactive-session
2025-03-05T21:38:58.722Z - Reading VSCode state from /home/ayush/.config/Code/User/workspaceStorage/3b152c0d69d331778560a3353fe11a34/state.vscdb for key: interactive.sessions
2025-03-05T21:38:58.802Z - State updated
2025-03-05T21:38:59.162Z - Reading VSCode state from /home/ayush/.config/Code/User/workspaceStorage/3b152c0d69d331778560a3353fe11a34/state.vscdb for key: memento/interactive-session
2025-03-05T21:39:02.174Z - Reading VSCode state from /home/ayush/.config/Code/User/workspaceStorage/3b152c0d69d331778560a3353fe11a34/state.vscdb for key: memento/interactive-session
2025-03-05T21:39:02.723Z - Reading VSCode state from /home/ayush/.config/Code/User/workspaceStorage/3b152c0d69d331778560a3353fe11a34/state.vscdb for key: interactive.sessions
2025-03-05T21:39:02.763Z - State updated
2025-03-05T21:39:05.245Z - Reading VSCode state from /home/ayush/.config/Code/User/workspaceStorage/3b152c0d69d331778560a3353fe11a34/state.vscdb for key: memento/interactive-session
2025-03-05T21:39:06.724Z - Reading VSCode state from /home/ayush/.config/Code/User/workspaceStorage/3b152c0d69d331778560a3353fe11a34/state.vscdb for key: interactive.sessions
2025-03-05T21:39:06.763Z - State updated
2025-03-05T21:39:08.183Z - Reading VSCode state from /home/ayush/.config/Code/User/workspaceStorage/3b152c0d69d331778560a3353fe11a34/state.vscdb for key: memento/interactive-session
2025-03-05T21:39:10.725Z - Reading VSCode state from /home/ayush/.config/Code/User/workspaceStorage/3b152c0d69d331778560a3353fe11a34/state.vscdb for key: interactive.sessions
2025-03-05T21:39:10.763Z - State updated
2025-03-05T21:39:11.194Z - Reading VSCode state from /home/ayush/.config/Code/User/workspaceStorage/3b152c0d69d331778560a3353fe11a34/state.vscdb for key: memento/interactive-session
2025-03-05T21:39:14.326Z - Reading VSCode state from /home/ayush/.config/Code/User/workspaceStorage/3b152c0d69d331778560a3353fe11a34/state.vscdb for key: memento/interactive-session
2025-03-05T21:39:14.725Z - Reading VSCode state from /home/ayush/.config/Code/User/workspaceStorage/3b152c0d69d331778560a3353fe11a34/state.vscdb for key: interactive.sessions
2025-03-05T21:39:14.766Z - State updated
2025-03-05T21:39:17.199Z - Reading VSCode state from /home/ayush/.config/Code/User/workspaceStorage/3b152c0d69d331778560a3353fe11a34/state.vscdb for key: memento/interactive-session
2025-03-05T21:39:18.726Z - Reading VSCode state from /home/ayush/.config/Code/User/workspaceStorage/3b152c0d69d331778560a3353fe11a34/state.vscdb for key: interactive.sessions
2025-03-05T21:39:18.776Z - State updated
2025-03-05T21:39:20.196Z - Reading VSCode state from /home/ayush/.config/Code/User/workspaceStorage/3b152c0d69d331778560a3353fe11a34/state.vscdb for key: memento/interactive-session
2025-03-05T21:39:22.727Z - Reading VSCode state from /home/ayush/.config/Code/User/workspaceStorage/3b152c0d69d331778560a3353fe11a34/state.vscdb for key: interactive.sessions
2025-03-05T21:39:22.779Z - State updated
2025-03-05T21:39:23.192Z - Reading VSCode state from /home/ayush/.config/Code/User/workspaceStorage/3b152c0d69d331778560a3353fe11a34/state.vscdb for key: memento/interactive-session
2025-03-05T21:39:26.562Z - Reading VSCode state from /home/ayush/.config/Code/User/workspaceStorage/3b152c0d69d331778560a3353fe11a34/state.vscdb for key: memento/interactive-session
2025-03-05T21:39:26.729Z - Reading VSCode state from /home/ayush/.config/Code/User/workspaceStorage/3b152c0d69d331778560a3353fe11a34/state.vscdb for key: interactive.sessions
2025-03-05T21:39:26.789Z - State updated
2025-03-05T21:39:29.216Z - Reading VSCode state from /home/ayush/.config/Code/User/workspaceStorage/3b152c0d69d331778560a3353fe11a34/state.vscdb for key: memento/interactive-session
2025-03-05T21:39:30.729Z - Reading VSCode state from /home/ayush/.config/Code/User/workspaceStorage/3b152c0d69d331778560a3353fe11a34/state.vscdb for key: interactive.sessions
2025-03-05T21:39:30.769Z - State updated
2025-03-05T21:39:31.181Z - Reading VSCode state from /home/ayush/.config/Code/User/workspaceStorage/3b152c0d69d331778560a3353fe11a34/state.vscdb for key: memento/interactive-session
2025-03-05T21:39:32.268Z - Reading VSCode state from /home/ayush/.config/Code/User/workspaceStorage/3b152c0d69d331778560a3353fe11a34/state.vscdb for key: memento/interactive-session
2025-03-05T21:39:34.730Z - Reading VSCode state from /home/ayush/.config/Code/User/workspaceStorage/3b152c0d69d331778560a3353fe11a34/state.vscdb for key: interactive.sessions
2025-03-05T21:39:34.784Z - State updated
2025-03-05T21:39:35.210Z - Reading VSCode state from /home/ayush/.config/Code/User/workspaceStorage/3b152c0d69d331778560a3353fe11a34/state.vscdb for key: memento/interactive-session
2025-03-05T21:39:38.206Z - Reading VSCode state from /home/ayush/.config/Code/User/workspaceStorage/3b152c0d69d331778560a3353fe11a34/state.vscdb for key: memento/interactive-session
2025-03-05T21:39:38.731Z - Reading VSCode state from /home/ayush/.config/Code/User/workspaceStorage/3b152c0d69d331778560a3353fe11a34/state.vscdb for key: interactive.sessions
2025-03-05T21:39:38.772Z - State updated
2025-03-05T21:39:41.249Z - Reading VSCode state from /home/ayush/.config/Code/User/workspaceStorage/3b152c0d69d331778560a3353fe11a34/state.vscdb for key: memento/interactive-session
2025-03-05T21:39:42.731Z - Reading VSCode state from /home/ayush/.config/Code/User/workspaceStorage/3b152c0d69d331778560a3353fe11a34/state.vscdb for key: interactive.sessions
2025-03-05T21:39:42.776Z - State updated
2025-03-05T21:39:44.214Z - Reading VSCode state from /home/ayush/.config/Code/User/workspaceStorage/3b152c0d69d331778560a3353fe11a34/state.vscdb for key: memento/interactive-session
2025-03-05T21:39:46.732Z - Reading VSCode state from /home/ayush/.config/Code/User/workspaceStorage/3b152c0d69d331778560a3353fe11a34/state.vscdb for key: interactive.sessions
2025-03-05T21:39:46.793Z - State updated
2025-03-05T21:39:47.218Z - Reading VSCode state from /home/ayush/.config/Code/User/workspaceStorage/3b152c0d69d331778560a3353fe11a34/state.vscdb for key: memento/interactive-session
2025-03-05T21:39:50.228Z - Reading VSCode state from /home/ayush/.config/Code/User/workspaceStorage/3b152c0d69d331778560a3353fe11a34/state.vscdb for key: memento/interactive-session
2025-03-05T21:39:50.733Z - Reading VSCode state from /home/ayush/.config/Code/User/workspaceStorage/3b152c0d69d331778560a3353fe11a34/state.vscdb for key: interactive.sessions
2025-03-05T21:39:50.795Z - State updated
2025-03-05T21:39:53.222Z - Reading VSCode state from /home/ayush/.config/Code/User/workspaceStorage/3b152c0d69d331778560a3353fe11a34/state.vscdb for key: memento/interactive-session
2025-03-05T21:39:54.734Z - Reading VSCode state from /home/ayush/.config/Code/User/workspaceStorage/3b152c0d69d331778560a3353fe11a34/state.vscdb for key: interactive.sessions
2025-03-05T21:39:54.774Z - State updated
2025-03-05T21:39:56.224Z - Reading VSCode state from /home/ayush/.config/Code/User/workspaceStorage/3b152c0d69d331778560a3353fe11a34/state.vscdb for key: memento/interactive-session
2025-03-05T21:39:58.735Z - Reading VSCode state from /home/ayush/.config/Code/User/workspaceStorage/3b152c0d69d331778560a3353fe11a34/state.vscdb for key: interactive.sessions
2025-03-05T21:39:58.776Z - State updated
2025-03-05T21:39:59.231Z - Reading VSCode state from /home/ayush/.config/Code/User/workspaceStorage/3b152c0d69d331778560a3353fe11a34/state.vscdb for key: memento/interactive-session
2025-03-05T21:40:02.520Z - Reading VSCode state from /home/ayush/.config/Code/User/workspaceStorage/3b152c0d69d331778560a3353fe11a34/state.vscdb for key: memento/interactive-session
2025-03-05T21:40:02.800Z - Reading VSCode state from /home/ayush/.config/Code/User/workspaceStorage/3b152c0d69d331778560a3353fe11a34/state.vscdb for key: interactive.sessions
2025-03-05T21:40:02.866Z - State updated
2025-03-05T21:40:06.234Z - Reading VSCode state from /home/ayush/.config/Code/User/workspaceStorage/3b152c0d69d331778560a3353fe11a34/state.vscdb for key: memento/interactive-session
2025-03-05T21:40:06.801Z - Reading VSCode state from /home/ayush/.config/Code/User/workspaceStorage/3b152c0d69d331778560a3353fe11a34/state.vscdb for key: interactive.sessions
2025-03-05T21:40:06.843Z - State updated
2025-03-05T21:40:08.311Z - Reading VSCode state from /home/ayush/.config/Code/User/workspaceStorage/3b152c0d69d331778560a3353fe11a34/state.vscdb for key: memento/interactive-session
2025-03-05T21:40:10.800Z - Reading VSCode state from /home/ayush/.config/Code/User/workspaceStorage/3b152c0d69d331778560a3353fe11a34/state.vscdb for key: interactive.sessions
2025-03-05T21:40:10.837Z - State updated
2025-03-05T21:40:11.263Z - Reading VSCode state from /home/ayush/.config/Code/User/workspaceStorage/3b152c0d69d331778560a3353fe11a34/state.vscdb for key: memento/interactive-session
2025-03-05T21:40:14.277Z - Reading VSCode state from /home/ayush/.config/Code/User/workspaceStorage/3b152c0d69d331778560a3353fe11a34/state.vscdb for key: memento/interactive-session
2025-03-05T21:40:14.800Z - Reading VSCode state from /home/ayush/.config/Code/User/workspaceStorage/3b152c0d69d331778560a3353fe11a34/state.vscdb for key: interactive.sessions
2025-03-05T21:40:14.840Z - State updated
2025-03-05T21:40:17.289Z - Reading VSCode state from /home/ayush/.config/Code/User/workspaceStorage/3b152c0d69d331778560a3353fe11a34/state.vscdb for key: memento/interactive-session
2025-03-05T21:40:18.801Z - Reading VSCode state from /home/ayush/.config/Code/User/workspaceStorage/3b152c0d69d331778560a3353fe11a34/state.vscdb for key: interactive.sessions
2025-03-05T21:40:18.855Z - State updated
2025-03-05T21:40:20.265Z - Reading VSCode state from /home/ayush/.config/Code/User/workspaceStorage/3b152c0d69d331778560a3353fe11a34/state.vscdb for key: memento/interactive-session
2025-03-05T21:40:22.801Z - Reading VSCode state from /home/ayush/.config/Code/User/workspaceStorage/3b152c0d69d331778560a3353fe11a34/state.vscdb for key: interactive.sessions
2025-03-05T21:40:22.848Z - State updated
2025-03-05T21:40:23.271Z - Reading VSCode state from /home/ayush/.config/Code/User/workspaceStorage/3b152c0d69d331778560a3353fe11a34/state.vscdb for key: memento/interactive-session
2025-03-05T21:40:26.276Z - Reading VSCode state from /home/ayush/.config/Code/User/workspaceStorage/3b152c0d69d331778560a3353fe11a34/state.vscdb for key: memento/interactive-session
2025-03-05T21:40:26.801Z - Reading VSCode state from /home/ayush/.config/Code/User/workspaceStorage/3b152c0d69d331778560a3353fe11a34/state.vscdb for key: interactive.sessions
2025-03-05T21:40:26.846Z - State updated
2025-03-05T21:40:29.267Z - Reading VSCode state from /home/ayush/.config/Code/User/workspaceStorage/3b152c0d69d331778560a3353fe11a34/state.vscdb for key: memento/interactive-session
2025-03-05T21:40:30.802Z - Reading VSCode state from /home/ayush/.config/Code/User/workspaceStorage/3b152c0d69d331778560a3353fe11a34/state.vscdb for key: interactive.sessions
2025-03-05T21:40:30.880Z - State updated
2025-03-05T21:40:32.277Z - Reading VSCode state from /home/ayush/.config/Code/User/workspaceStorage/3b152c0d69d331778560a3353fe11a34/state.vscdb for key: memento/interactive-session
2025-03-05T21:40:34.803Z - Reading VSCode state from /home/ayush/.config/Code/User/workspaceStorage/3b152c0d69d331778560a3353fe11a34/state.vscdb for key: interactive.sessions
2025-03-05T21:40:34.871Z - State updated
2025-03-05T21:40:35.273Z - Reading VSCode state from /home/ayush/.config/Code/User/workspaceStorage/3b152c0d69d331778560a3353fe11a34/state.vscdb for key: memento/interactive-session
2025-03-05T21:40:38.282Z - Reading VSCode state from /home/ayush/.config/Code/User/workspaceStorage/3b152c0d69d331778560a3353fe11a34/state.vscdb for key: memento/interactive-session
2025-03-05T21:40:38.804Z - Reading VSCode state from /home/ayush/.config/Code/User/workspaceStorage/3b152c0d69d331778560a3353fe11a34/state.vscdb for key: interactive.sessions
2025-03-05T21:40:38.843Z - State updated
2025-03-05T21:40:41.277Z - Reading VSCode state from /home/ayush/.config/Code/User/workspaceStorage/3b152c0d69d331778560a3353fe11a34/state.vscdb for key: memento/interactive-session
2025-03-05T21:40:42.803Z - Reading VSCode state from /home/ayush/.config/Code/User/workspaceStorage/3b152c0d69d331778560a3353fe11a34/state.vscdb for key: interactive.sessions
2025-03-05T21:40:42.843Z - State updated
2025-03-05T21:40:44.287Z - Reading VSCode state from /home/ayush/.config/Code/User/workspaceStorage/3b152c0d69d331778560a3353fe11a34/state.vscdb for key: memento/interactive-session
2025-03-05T21:40:46.805Z - Reading VSCode state from /home/ayush/.config/Code/User/workspaceStorage/3b152c0d69d331778560a3353fe11a34/state.vscdb for key: interactive.sessions
2025-03-05T21:40:46.847Z - State updated
2025-03-05T21:40:47.290Z - Reading VSCode state from /home/ayush/.config/Code/User/workspaceStorage/3b152c0d69d331778560a3353fe11a34/state.vscdb for key: memento/interactive-session
2025-03-05T21:40:50.383Z - Reading VSCode state from /home/ayush/.config/Code/User/workspaceStorage/3b152c0d69d331778560a3353fe11a34/state.vscdb for key: memento/interactive-session
2025-03-05T21:40:50.805Z - Reading VSCode state from /home/ayush/.config/Code/User/workspaceStorage/3b152c0d69d331778560a3353fe11a34/state.vscdb for key: interactive.sessions
2025-03-05T21:40:50.872Z - State updated
2025-03-05T21:40:53.319Z - Reading VSCode state from /home/ayush/.config/Code/User/workspaceStorage/3b152c0d69d331778560a3353fe11a34/state.vscdb for key: memento/interactive-session
2025-03-05T21:40:54.806Z - Reading VSCode state from /home/ayush/.config/Code/User/workspaceStorage/3b152c0d69d331778560a3353fe11a34/state.vscdb for key: interactive.sessions
2025-03-05T21:40:54.851Z - State updated
2025-03-05T21:40:56.320Z - Reading VSCode state from /home/ayush/.config/Code/User/workspaceStorage/3b152c0d69d331778560a3353fe11a34/state.vscdb for key: memento/interactive-session
2025-03-05T21:40:58.807Z - Reading VSCode state from /home/ayush/.config/Code/User/workspaceStorage/3b152c0d69d331778560a3353fe11a34/state.vscdb for key: interactive.sessions
2025-03-05T21:40:58.850Z - State updated
2025-03-05T21:40:59.298Z - Reading VSCode state from /home/ayush/.config/Code/User/workspaceStorage/3b152c0d69d331778560a3353fe11a34/state.vscdb for key: memento/interactive-session
2025-03-05T21:41:02.339Z - Reading VSCode state from /home/ayush/.config/Code/User/workspaceStorage/3b152c0d69d331778560a3353fe11a34/state.vscdb for key: memento/interactive-session
2025-03-05T21:41:02.808Z - Reading VSCode state from /home/ayush/.config/Code/User/workspaceStorage/3b152c0d69d331778560a3353fe11a34/state.vscdb for key: interactive.sessions
2025-03-05T21:41:02.878Z - State updated
2025-03-05T21:41:05.296Z - Reading VSCode state from /home/ayush/.config/Code/User/workspaceStorage/3b152c0d69d331778560a3353fe11a34/state.vscdb for key: memento/interactive-session
2025-03-05T21:41:06.809Z - Reading VSCode state from /home/ayush/.config/Code/User/workspaceStorage/3b152c0d69d331778560a3353fe11a34/state.vscdb for key: interactive.sessions
2025-03-05T21:41:06.851Z - State updated
2025-03-05T21:41:08.312Z - Reading VSCode state from /home/ayush/.config/Code/User/workspaceStorage/3b152c0d69d331778560a3353fe11a34/state.vscdb for key: memento/interactive-session
2025-03-05T21:41:10.809Z - Reading VSCode state from /home/ayush/.config/Code/User/workspaceStorage/3b152c0d69d331778560a3353fe11a34/state.vscdb for key: interactive.sessions
2025-03-05T21:41:10.848Z - State updated
2025-03-05T21:41:11.314Z - Reading VSCode state from /home/ayush/.config/Code/User/workspaceStorage/3b152c0d69d331778560a3353fe11a34/state.vscdb for key: memento/interactive-session
2025-03-05T21:41:14.303Z - Reading VSCode state from /home/ayush/.config/Code/User/workspaceStorage/3b152c0d69d331778560a3353fe11a34/state.vscdb for key: memento/interactive-session
2025-03-05T21:41:14.809Z - Reading VSCode state from /home/ayush/.config/Code/User/workspaceStorage/3b152c0d69d331778560a3353fe11a34/state.vscdb for key: interactive.sessions
2025-03-05T21:41:14.849Z - State updated
2025-03-05T21:41:17.325Z - Reading VSCode state from /home/ayush/.config/Code/User/workspaceStorage/3b152c0d69d331778560a3353fe11a34/state.vscdb for key: memento/interactive-session
2025-03-05T21:41:18.830Z - Reading VSCode state from /home/ayush/.config/Code/User/workspaceStorage/3b152c0d69d331778560a3353fe11a34/state.vscdb for key: interactive.sessions
2025-03-05T21:41:18.967Z - State updated
2025-03-05T21:41:20.308Z - Reading VSCode state from /home/ayush/.config/Code/User/workspaceStorage/3b152c0d69d331778560a3353fe11a34/state.vscdb for key: memento/interactive-session
2025-03-05T21:41:22.830Z - Reading VSCode state from /home/ayush/.config/Code/User/workspaceStorage/3b152c0d69d331778560a3353fe11a34/state.vscdb for key: interactive.sessions
2025-03-05T21:41:22.874Z - State updated
2025-03-05T21:41:23.527Z - Reading VSCode state from /home/ayush/.config/Code/User/workspaceStorage/3b152c0d69d331778560a3353fe11a34/state.vscdb for key: memento/interactive-session
2025-03-05T21:41:26.353Z - Reading VSCode state from /home/ayush/.config/Code/User/workspaceStorage/3b152c0d69d331778560a3353fe11a34/state.vscdb for key: memento/interactive-session
2025-03-05T21:41:26.831Z - Reading VSCode state from /home/ayush/.config/Code/User/workspaceStorage/3b152c0d69d331778560a3353fe11a34/state.vscdb for key: interactive.sessions
2025-03-05T21:41:26.882Z - State updated
2025-03-05T21:41:29.412Z - Reading VSCode state from /home/ayush/.config/Code/User/workspaceStorage/3b152c0d69d331778560a3353fe11a34/state.vscdb for key: memento/interactive-session
2025-03-05T21:41:30.831Z - Reading VSCode state from /home/ayush/.config/Code/User/workspaceStorage/3b152c0d69d331778560a3353fe11a34/state.vscdb for key: interactive.sessions
2025-03-05T21:41:30.880Z - State updated
2025-03-05T21:41:32.332Z - Reading VSCode state from /home/ayush/.config/Code/User/workspaceStorage/3b152c0d69d331778560a3353fe11a34/state.vscdb for key: memento/interactive-session
2025-03-05T21:41:34.832Z - Reading VSCode state from /home/ayush/.config/Code/User/workspaceStorage/3b152c0d69d331778560a3353fe11a34/state.vscdb for key: interactive.sessions
2025-03-05T21:41:34.873Z - State updated
2025-03-05T21:41:35.329Z - Reading VSCode state from /home/ayush/.config/Code/User/workspaceStorage/3b152c0d69d331778560a3353fe11a34/state.vscdb for key: memento/interactive-session
2025-03-05T21:41:38.327Z - Reading VSCode state from /home/ayush/.config/Code/User/workspaceStorage/3b152c0d69d331778560a3353fe11a34/state.vscdb for key: memento/interactive-session
2025-03-05T21:41:38.832Z - Reading VSCode state from /home/ayush/.config/Code/User/workspaceStorage/3b152c0d69d331778560a3353fe11a34/state.vscdb for key: interactive.sessions
2025-03-05T21:41:38.877Z - State updated
2025-03-05T21:41:41.351Z - Reading VSCode state from /home/ayush/.config/Code/User/workspaceStorage/3b152c0d69d331778560a3353fe11a34/state.vscdb for key: memento/interactive-session
2025-03-05T21:41:42.833Z - Reading VSCode state from /home/ayush/.config/Code/User/workspaceStorage/3b152c0d69d331778560a3353fe11a34/state.vscdb for key: interactive.sessions
2025-03-05T21:41:42.881Z - State updated
2025-03-05T21:41:45.051Z - Reading VSCode state from /home/ayush/.config/Code/User/workspaceStorage/3b152c0d69d331778560a3353fe11a34/state.vscdb for key: memento/interactive-session
2025-03-05T21:41:46.833Z - Reading VSCode state from /home/ayush/.config/Code/User/workspaceStorage/3b152c0d69d331778560a3353fe11a34/state.vscdb for key: interactive.sessions
2025-03-05T21:41:46.883Z - State updated
2025-03-05T21:41:47.355Z - Reading VSCode state from /home/ayush/.config/Code/User/workspaceStorage/3b152c0d69d331778560a3353fe11a34/state.vscdb for key: memento/interactive-session
2025-03-05T21:41:50.359Z - Reading VSCode state from /home/ayush/.config/Code/User/workspaceStorage/3b152c0d69d331778560a3353fe11a34/state.vscdb for key: memento/interactive-session
2025-03-05T21:41:50.833Z - Reading VSCode state from /home/ayush/.config/Code/User/workspaceStorage/3b152c0d69d331778560a3353fe11a34/state.vscdb for key: interactive.sessions
2025-03-05T21:41:50.887Z - State updated
2025-03-05T21:41:53.622Z - Reading VSCode state from /home/ayush/.config/Code/User/workspaceStorage/3b152c0d69d331778560a3353fe11a34/state.vscdb for key: memento/interactive-session
2025-03-05T21:41:54.834Z - Reading VSCode state from /home/ayush/.config/Code/User/workspaceStorage/3b152c0d69d331778560a3353fe11a34/state.vscdb for key: interactive.sessions
2025-03-05T21:41:54.896Z - State updated
2025-03-05T21:41:57.489Z - Reading VSCode state from /home/ayush/.config/Code/User/workspaceStorage/3b152c0d69d331778560a3353fe11a34/state.vscdb for key: memento/interactive-session
2025-03-05T21:41:58.834Z - Reading VSCode state from /home/ayush/.config/Code/User/workspaceStorage/3b152c0d69d331778560a3353fe11a34/state.vscdb for key: interactive.sessions
2025-03-05T21:41:58.895Z - State updated
2025-03-05T21:41:59.489Z - Reading VSCode state from /home/ayush/.config/Code/User/workspaceStorage/3b152c0d69d331778560a3353fe11a34/state.vscdb for key: memento/interactive-session
2025-03-05T21:42:02.439Z - Reading VSCode state from /home/ayush/.config/Code/User/workspaceStorage/3b152c0d69d331778560a3353fe11a34/state.vscdb for key: memento/interactive-session
2025-03-05T21:42:02.834Z - Reading VSCode state from /home/ayush/.config/Code/User/workspaceStorage/3b152c0d69d331778560a3353fe11a34/state.vscdb for key: interactive.sessions
2025-03-05T21:42:02.884Z - State updated
2025-03-05T21:42:05.426Z - Reading VSCode state from /home/ayush/.config/Code/User/workspaceStorage/3b152c0d69d331778560a3353fe11a34/state.vscdb for key: memento/interactive-session
2025-03-05T21:42:06.834Z - Reading VSCode state from /home/ayush/.config/Code/User/workspaceStorage/3b152c0d69d331778560a3353fe11a34/state.vscdb for key: interactive.sessions
2025-03-05T21:42:06.878Z - State updated
2025-03-05T21:42:08.443Z - Reading VSCode state from /home/ayush/.config/Code/User/workspaceStorage/3b152c0d69d331778560a3353fe11a34/state.vscdb for key: memento/interactive-session
2025-03-05T21:42:10.834Z - Reading VSCode state from /home/ayush/.config/Code/User/workspaceStorage/3b152c0d69d331778560a3353fe11a34/state.vscdb for key: interactive.sessions
2025-03-05T21:42:10.878Z - State updated
2025-03-05T21:42:11.449Z - Reading VSCode state from /home/ayush/.config/Code/User/workspaceStorage/3b152c0d69d331778560a3353fe11a34/state.vscdb for key: memento/interactive-session
2025-03-05T21:42:14.438Z - Reading VSCode state from /home/ayush/.config/Code/User/workspaceStorage/3b152c0d69d331778560a3353fe11a34/state.vscdb for key: memento/interactive-session
2025-03-05T21:42:14.835Z - Reading VSCode state from /home/ayush/.config/Code/User/workspaceStorage/3b152c0d69d331778560a3353fe11a34/state.vscdb for key: interactive.sessions
2025-03-05T21:42:14.895Z - State updated
2025-03-05T21:42:17.438Z - Reading VSCode state from /home/ayush/.config/Code/User/workspaceStorage/3b152c0d69d331778560a3353fe11a34/state.vscdb for key: memento/interactive-session
2025-03-05T21:42:18.835Z - Reading VSCode state from /home/ayush/.config/Code/User/workspaceStorage/3b152c0d69d331778560a3353fe11a34/state.vscdb for key: interactive.sessions
2025-03-05T21:42:18.890Z - State updated
2025-03-05T21:42:20.444Z - Reading VSCode state from /home/ayush/.config/Code/User/workspaceStorage/3b152c0d69d331778560a3353fe11a34/state.vscdb for key: memento/interactive-session
2025-03-05T21:42:22.836Z - Reading VSCode state from /home/ayush/.config/Code/User/workspaceStorage/3b152c0d69d331778560a3353fe11a34/state.vscdb for key: interactive.sessions
2025-03-05T21:42:22.882Z - State updated
2025-03-05T21:42:23.456Z - Reading VSCode state from /home/ayush/.config/Code/User/workspaceStorage/3b152c0d69d331778560a3353fe11a34/state.vscdb for key: memento/interactive-session
2025-03-05T21:42:26.483Z - Reading VSCode state from /home/ayush/.config/Code/User/workspaceStorage/3b152c0d69d331778560a3353fe11a34/state.vscdb for key: memento/interactive-session
2025-03-05T21:42:26.837Z - Reading VSCode state from /home/ayush/.config/Code/User/workspaceStorage/3b152c0d69d331778560a3353fe11a34/state.vscdb for key: interactive.sessions
2025-03-05T21:42:26.903Z - State updated
2025-03-05T21:42:29.453Z - Reading VSCode state from /home/ayush/.config/Code/User/workspaceStorage/3b152c0d69d331778560a3353fe11a34/state.vscdb for key: memento/interactive-session
2025-03-05T21:42:30.837Z - Reading VSCode state from /home/ayush/.config/Code/User/workspaceStorage/3b152c0d69d331778560a3353fe11a34/state.vscdb for key: interactive.sessions
2025-03-05T21:42:30.885Z - State updated
2025-03-05T21:42:32.448Z - Reading VSCode state from /home/ayush/.config/Code/User/workspaceStorage/3b152c0d69d331778560a3353fe11a34/state.vscdb for key: memento/interactive-session
2025-03-05T21:42:34.838Z - Reading VSCode state from /home/ayush/.config/Code/User/workspaceStorage/3b152c0d69d331778560a3353fe11a34/state.vscdb for key: interactive.sessions
2025-03-05T21:42:34.882Z - State updated
2025-03-05T21:42:35.511Z - Reading VSCode state from /home/ayush/.config/Code/User/workspaceStorage/3b152c0d69d331778560a3353fe11a34/state.vscdb for key: memento/interactive-session
2025-03-05T21:42:38.452Z - Reading VSCode state from /home/ayush/.config/Code/User/workspaceStorage/3b152c0d69d331778560a3353fe11a34/state.vscdb for key: memento/interactive-session
2025-03-05T21:42:38.838Z - Reading VSCode state from /home/ayush/.config/Code/User/workspaceStorage/3b152c0d69d331778560a3353fe11a34/state.vscdb for key: interactive.sessions
2025-03-05T21:42:38.881Z - State updated
2025-03-05T21:42:41.460Z - Reading VSCode state from /home/ayush/.config/Code/User/workspaceStorage/3b152c0d69d331778560a3353fe11a34/state.vscdb for key: memento/interactive-session
2025-03-05T21:42:42.838Z - Reading VSCode state from /home/ayush/.config/Code/User/workspaceStorage/3b152c0d69d331778560a3353fe11a34/state.vscdb for key: interactive.sessions
2025-03-05T21:42:42.918Z - State updated
2025-03-05T21:42:44.458Z - Reading VSCode state from /home/ayush/.config/Code/User/workspaceStorage/3b152c0d69d331778560a3353fe11a34/state.vscdb for key: memento/interactive-session
2025-03-05T21:42:46.845Z - Reading VSCode state from /home/ayush/.config/Code/User/workspaceStorage/3b152c0d69d331778560a3353fe11a34/state.vscdb for key: interactive.sessions
2025-03-05T21:42:46.925Z - State updated
2025-03-05T21:42:47.953Z - Reading VSCode state from /home/ayush/.config/Code/User/workspaceStorage/3b152c0d69d331778560a3353fe11a34/state.vscdb for key: memento/interactive-session
2025-03-05T21:42:50.672Z - Reading VSCode state from /home/ayush/.config/Code/User/workspaceStorage/3b152c0d69d331778560a3353fe11a34/state.vscdb for key: memento/interactive-session
2025-03-05T21:42:50.846Z - Reading VSCode state from /home/ayush/.config/Code/User/workspaceStorage/3b152c0d69d331778560a3353fe11a34/state.vscdb for key: interactive.sessions
2025-03-05T21:42:50.931Z - State updated
2025-03-05T21:42:53.573Z - Reading VSCode state from /home/ayush/.config/Code/User/workspaceStorage/3b152c0d69d331778560a3353fe11a34/state.vscdb for key: memento/interactive-session
2025-03-05T21:42:54.846Z - Reading VSCode state from /home/ayush/.config/Code/User/workspaceStorage/3b152c0d69d331778560a3353fe11a34/state.vscdb for key: interactive.sessions
2025-03-05T21:42:54.920Z - State updated
2025-03-05T21:42:56.548Z - Reading VSCode state from /home/ayush/.config/Code/User/workspaceStorage/3b152c0d69d331778560a3353fe11a34/state.vscdb for key: memento/interactive-session
2025-03-05T21:42:58.845Z - Reading VSCode state from /home/ayush/.config/Code/User/workspaceStorage/3b152c0d69d331778560a3353fe11a34/state.vscdb for key: interactive.sessions
2025-03-05T21:42:58.900Z - State updated
2025-03-05T21:42:59.548Z - Reading VSCode state from /home/ayush/.config/Code/User/workspaceStorage/3b152c0d69d331778560a3353fe11a34/state.vscdb for key: memento/interactive-session
2025-03-05T21:43:02.537Z - Reading VSCode state from /home/ayush/.config/Code/User/workspaceStorage/3b152c0d69d331778560a3353fe11a34/state.vscdb for key: memento/interactive-session
2025-03-05T21:43:02.845Z - Reading VSCode state from /home/ayush/.config/Code/User/workspaceStorage/3b152c0d69d331778560a3353fe11a34/state.vscdb for key: interactive.sessions
2025-03-05T21:43:02.917Z - State updated
2025-03-05T21:43:05.549Z - Reading VSCode state from /home/ayush/.config/Code/User/workspaceStorage/3b152c0d69d331778560a3353fe11a34/state.vscdb for key: memento/interactive-session
2025-03-05T21:43:06.846Z - Reading VSCode state from /home/ayush/.config/Code/User/workspaceStorage/3b152c0d69d331778560a3353fe11a34/state.vscdb for key: interactive.sessions
2025-03-05T21:43:06.892Z - State updated
2025-03-05T21:43:08.530Z - Reading VSCode state from /home/ayush/.config/Code/User/workspaceStorage/3b152c0d69d331778560a3353fe11a34/state.vscdb for key: memento/interactive-session
2025-03-05T21:43:10.846Z - Reading VSCode state from /home/ayush/.config/Code/User/workspaceStorage/3b152c0d69d331778560a3353fe11a34/state.vscdb for key: interactive.sessions
2025-03-05T21:43:10.891Z - State updated
2025-03-05T21:43:11.563Z - Reading VSCode state from /home/ayush/.config/Code/User/workspaceStorage/3b152c0d69d331778560a3353fe11a34/state.vscdb for key: memento/interactive-session
2025-03-05T21:43:14.553Z - Reading VSCode state from /home/ayush/.config/Code/User/workspaceStorage/3b152c0d69d331778560a3353fe11a34/state.vscdb for key: memento/interactive-session
2025-03-05T21:43:14.847Z - Reading VSCode state from /home/ayush/.config/Code/User/workspaceStorage/3b152c0d69d331778560a3353fe11a34/state.vscdb for key: interactive.sessions
2025-03-05T21:43:14.899Z - State updated
2025-03-05T21:43:17.627Z - Reading VSCode state from /home/ayush/.config/Code/User/workspaceStorage/3b152c0d69d331778560a3353fe11a34/state.vscdb for key: memento/interactive-session
2025-03-05T21:43:18.847Z - Reading VSCode state from /home/ayush/.config/Code/User/workspaceStorage/3b152c0d69d331778560a3353fe11a34/state.vscdb for key: interactive.sessions
2025-03-05T21:43:18.896Z - State updated
2025-03-05T21:43:20.559Z - Reading VSCode state from /home/ayush/.config/Code/User/workspaceStorage/3b152c0d69d331778560a3353fe11a34/state.vscdb for key: memento/interactive-session
2025-03-05T21:43:22.848Z - Reading VSCode state from /home/ayush/.config/Code/User/workspaceStorage/3b152c0d69d331778560a3353fe11a34/state.vscdb for key: interactive.sessions
2025-03-05T21:43:22.892Z - State updated
2025-03-05T21:43:23.590Z - Reading VSCode state from /home/ayush/.config/Code/User/workspaceStorage/3b152c0d69d331778560a3353fe11a34/state.vscdb for key: memento/interactive-session
2025-03-05T21:43:26.613Z - Reading VSCode state from /home/ayush/.config/Code/User/workspaceStorage/3b152c0d69d331778560a3353fe11a34/state.vscdb for key: memento/interactive-session
2025-03-05T21:43:26.849Z - Reading VSCode state from /home/ayush/.config/Code/User/workspaceStorage/3b152c0d69d331778560a3353fe11a34/state.vscdb for key: interactive.sessions
2025-03-05T21:43:26.908Z - State updated
2025-03-05T21:43:29.657Z - Reading VSCode state from /home/ayush/.config/Code/User/workspaceStorage/3b152c0d69d331778560a3353fe11a34/state.vscdb for key: memento/interactive-session
2025-03-05T21:43:30.850Z - Reading VSCode state from /home/ayush/.config/Code/User/workspaceStorage/3b152c0d69d331778560a3353fe11a34/state.vscdb for key: interactive.sessions
2025-03-05T21:43:30.896Z - State updated
2025-03-05T21:43:32.687Z - Reading VSCode state from /home/ayush/.config/Code/User/workspaceStorage/3b152c0d69d331778560a3353fe11a34/state.vscdb for key: memento/interactive-session
2025-03-05T21:43:34.850Z - Reading VSCode state from /home/ayush/.config/Code/User/workspaceStorage/3b152c0d69d331778560a3353fe11a34/state.vscdb for key: interactive.sessions
2025-03-05T21:43:34.932Z - State updated
2025-03-05T21:43:35.695Z - Reading VSCode state from /home/ayush/.config/Code/User/workspaceStorage/3b152c0d69d331778560a3353fe11a34/state.vscdb for key: memento/interactive-session
2025-03-05T21:43:38.733Z - Reading VSCode state from /home/ayush/.config/Code/User/workspaceStorage/3b152c0d69d331778560a3353fe11a34/state.vscdb for key: memento/interactive-session
2025-03-05T21:43:38.849Z - Reading VSCode state from /home/ayush/.config/Code/User/workspaceStorage/3b152c0d69d331778560a3353fe11a34/state.vscdb for key: interactive.sessions
2025-03-05T21:43:38.895Z - State updated
2025-03-05T21:43:41.725Z - Reading VSCode state from /home/ayush/.config/Code/User/workspaceStorage/3b152c0d69d331778560a3353fe11a34/state.vscdb for key: memento/interactive-session
2025-03-05T21:43:42.850Z - Reading VSCode state from /home/ayush/.config/Code/User/workspaceStorage/3b152c0d69d331778560a3353fe11a34/state.vscdb for key: interactive.sessions
2025-03-05T21:43:42.896Z - State updated
2025-03-05T21:43:44.728Z - Reading VSCode state from /home/ayush/.config/Code/User/workspaceStorage/3b152c0d69d331778560a3353fe11a34/state.vscdb for key: memento/interactive-session
2025-03-05T21:43:46.850Z - Reading VSCode state from /home/ayush/.config/Code/User/workspaceStorage/3b152c0d69d331778560a3353fe11a34/state.vscdb for key: interactive.sessions
2025-03-05T21:43:46.913Z - Error querying SQLite DB: Error: Command failed: "sqlite3" "/home/ayush/.config/Code/User/workspaceStorage/3b152c0d69d331778560a3353fe11a34/state.vscdb" -readonly -csv "SELECT key, value FROM ItemTable WHERE key = 'interactive.sessions';" > /tmp/vscode_state_1741211026850.csv
Error: in prepare, database is locked (5)

2025-03-05T21:43:46.914Z - State updated
2025-03-05T21:43:47.732Z - Reading VSCode state from /home/ayush/.config/Code/User/workspaceStorage/3b152c0d69d331778560a3353fe11a34/state.vscdb for key: memento/interactive-session
2025-03-05T21:43:50.791Z - Reading VSCode state from /home/ayush/.config/Code/User/workspaceStorage/3b152c0d69d331778560a3353fe11a34/state.vscdb for key: memento/interactive-session
2025-03-05T21:43:50.851Z - Reading VSCode state from /home/ayush/.config/Code/User/workspaceStorage/3b152c0d69d331778560a3353fe11a34/state.vscdb for key: interactive.sessions
2025-03-05T21:43:50.898Z - State updated
2025-03-05T21:43:53.739Z - Reading VSCode state from /home/ayush/.config/Code/User/workspaceStorage/3b152c0d69d331778560a3353fe11a34/state.vscdb for key: memento/interactive-session
2025-03-05T21:43:54.851Z - Reading VSCode state from /home/ayush/.config/Code/User/workspaceStorage/3b152c0d69d331778560a3353fe11a34/state.vscdb for key: interactive.sessions
2025-03-05T21:43:54.896Z - State updated
2025-03-05T21:43:56.742Z - Reading VSCode state from /home/ayush/.config/Code/User/workspaceStorage/3b152c0d69d331778560a3353fe11a34/state.vscdb for key: memento/interactive-session
2025-03-05T21:43:58.850Z - Reading VSCode state from /home/ayush/.config/Code/User/workspaceStorage/3b152c0d69d331778560a3353fe11a34/state.vscdb for key: interactive.sessions
2025-03-05T21:43:58.911Z - State updated
2025-03-05T21:43:59.738Z - Reading VSCode state from /home/ayush/.config/Code/User/workspaceStorage/3b152c0d69d331778560a3353fe11a34/state.vscdb for key: memento/interactive-session
2025-03-05T21:44:02.747Z - Reading VSCode state from /home/ayush/.config/Code/User/workspaceStorage/3b152c0d69d331778560a3353fe11a34/state.vscdb for key: memento/interactive-session
2025-03-05T21:44:02.851Z - Reading VSCode state from /home/ayush/.config/Code/User/workspaceStorage/3b152c0d69d331778560a3353fe11a34/state.vscdb for key: interactive.sessions
2025-03-05T21:44:02.897Z - State updated
2025-03-05T21:44:05.868Z - Reading VSCode state from /home/ayush/.config/Code/User/workspaceStorage/3b152c0d69d331778560a3353fe11a34/state.vscdb for key: memento/interactive-session
2025-03-05T21:44:06.851Z - Reading VSCode state from /home/ayush/.config/Code/User/workspaceStorage/3b152c0d69d331778560a3353fe11a34/state.vscdb for key: interactive.sessions
2025-03-05T21:44:06.900Z - State updated
2025-03-05T21:44:08.750Z - Reading VSCode state from /home/ayush/.config/Code/User/workspaceStorage/3b152c0d69d331778560a3353fe11a34/state.vscdb for key: memento/interactive-session
2025-03-05T21:44:10.850Z - Reading VSCode state from /home/ayush/.config/Code/User/workspaceStorage/3b152c0d69d331778560a3353fe11a34/state.vscdb for key: interactive.sessions
2025-03-05T21:44:10.896Z - State updated
2025-03-05T21:44:11.754Z - Reading VSCode state from /home/ayush/.config/Code/User/workspaceStorage/3b152c0d69d331778560a3353fe11a34/state.vscdb for key: memento/interactive-session
2025-03-05T21:44:14.755Z - Reading VSCode state from /home/ayush/.config/Code/User/workspaceStorage/3b152c0d69d331778560a3353fe11a34/state.vscdb for key: memento/interactive-session
2025-03-05T21:44:14.850Z - Reading VSCode state from /home/ayush/.config/Code/User/workspaceStorage/3b152c0d69d331778560a3353fe11a34/state.vscdb for key: interactive.sessions
2025-03-05T21:44:14.893Z - State updated
2025-03-05T21:44:17.822Z - Reading VSCode state from /home/ayush/.config/Code/User/workspaceStorage/3b152c0d69d331778560a3353fe11a34/state.vscdb for key: memento/interactive-session
2025-03-05T21:44:18.851Z - Reading VSCode state from /home/ayush/.config/Code/User/workspaceStorage/3b152c0d69d331778560a3353fe11a34/state.vscdb for key: interactive.sessions
2025-03-05T21:44:18.895Z - State updated
2025-03-05T21:44:20.840Z - Reading VSCode state from /home/ayush/.config/Code/User/workspaceStorage/3b152c0d69d331778560a3353fe11a34/state.vscdb for key: memento/interactive-session
2025-03-05T21:44:22.851Z - Reading VSCode state from /home/ayush/.config/Code/User/workspaceStorage/3b152c0d69d331778560a3353fe11a34/state.vscdb for key: interactive.sessions
2025-03-05T21:44:22.899Z - State updated
2025-03-05T21:44:23.799Z - Reading VSCode state from /home/ayush/.config/Code/User/workspaceStorage/3b152c0d69d331778560a3353fe11a34/state.vscdb for key: memento/interactive-session
2025-03-05T21:44:26.803Z - Reading VSCode state from /home/ayush/.config/Code/User/workspaceStorage/3b152c0d69d331778560a3353fe11a34/state.vscdb for key: memento/interactive-session
2025-03-05T21:44:26.851Z - Reading VSCode state from /home/ayush/.config/Code/User/workspaceStorage/3b152c0d69d331778560a3353fe11a34/state.vscdb for key: interactive.sessions
2025-03-05T21:44:26.894Z - State updated
2025-03-05T21:44:29.864Z - Reading VSCode state from /home/ayush/.config/Code/User/workspaceStorage/3b152c0d69d331778560a3353fe11a34/state.vscdb for key: memento/interactive-session
2025-03-05T21:44:30.852Z - Reading VSCode state from /home/ayush/.config/Code/User/workspaceStorage/3b152c0d69d331778560a3353fe11a34/state.vscdb for key: interactive.sessions
2025-03-05T21:44:30.925Z - State updated
2025-03-05T21:44:32.806Z - Reading VSCode state from /home/ayush/.config/Code/User/workspaceStorage/3b152c0d69d331778560a3353fe11a34/state.vscdb for key: memento/interactive-session
2025-03-05T21:44:34.851Z - Reading VSCode state from /home/ayush/.config/Code/User/workspaceStorage/3b152c0d69d331778560a3353fe11a34/state.vscdb for key: interactive.sessions
2025-03-05T21:44:34.897Z - State updated
2025-03-05T21:44:35.830Z - Reading VSCode state from /home/ayush/.config/Code/User/workspaceStorage/3b152c0d69d331778560a3353fe11a34/state.vscdb for key: memento/interactive-session
2025-03-05T21:44:38.826Z - Reading VSCode state from /home/ayush/.config/Code/User/workspaceStorage/3b152c0d69d331778560a3353fe11a34/state.vscdb for key: memento/interactive-session
2025-03-05T21:44:38.855Z - Reading VSCode state from /home/ayush/.config/Code/User/workspaceStorage/3b152c0d69d331778560a3353fe11a34/state.vscdb for key: interactive.sessions
2025-03-05T21:44:38.899Z - State updated
2025-03-05T21:44:41.813Z - Reading VSCode state from /home/ayush/.config/Code/User/workspaceStorage/3b152c0d69d331778560a3353fe11a34/state.vscdb for key: memento/interactive-session
2025-03-05T21:44:42.856Z - Reading VSCode state from /home/ayush/.config/Code/User/workspaceStorage/3b152c0d69d331778560a3353fe11a34/state.vscdb for key: interactive.sessions
2025-03-05T21:44:42.909Z - State updated
2025-03-05T21:44:44.843Z - Reading VSCode state from /home/ayush/.config/Code/User/workspaceStorage/3b152c0d69d331778560a3353fe11a34/state.vscdb for key: memento/interactive-session